<?xml version="1.0" encoding="UTF-8"?>
<!-- Generated by org.testng.reporters.JUnitReportReporter -->
<testsuite skipped="0" hostname="Sonali" name="DemoTest" tests="2" failures="0" timestamp="2021-11-28T20:38:15 EST" time="0.003" errors="0">
  <testcase name="demoTest" time="0.002" classname="DemoTest"/>
  <system-out/>
  <testcase name="demoTest" time="0.001" classname="DemoTest"/>
  <system-out/>
</testsuite> <!-- DemoTest -->
